18:08:16.106 INFO - Selenium build info: version: '3.4.0', revision: 'unknown'
18:08:16.108 INFO - Launching a standalone Selenium Server
2017-07-07 18:08:16.144:INFO::main: Logging initialized @405ms to org.seleniumhq.jetty9.util.log.StdErrLog
18:08:16.212 INFO - Driver provider org.openqa.selenium.ie.InternetExplorerDriver registration is skipped:
 registration capabilities Capabilities [{ensureCleanSession=true, browserName=internet explorer, version=, platform=WINDOWS}] does not match the current platform LINUX
18:08:16.213 INFO - Driver provider org.openqa.selenium.edge.EdgeDriver registration is skipped:
 registration capabilities Capabilities [{browserName=MicrosoftEdge, version=, platform=WINDOWS}] does not match the current platform LINUX
18:08:16.213 INFO - Driver class not found: com.opera.core.systems.OperaDriver
18:08:16.213 INFO - Driver provider com.opera.core.systems.OperaDriver registration is skipped:
Unable to create new instances on this machine.
18:08:16.214 INFO - Driver class not found: com.opera.core.systems.OperaDriver
18:08:16.214 INFO - Driver provider com.opera.core.systems.OperaDriver is not registered
18:08:16.219 INFO - Driver provider org.openqa.selenium.safari.SafariDriver registration is skipped:
 registration capabilities Capabilities [{browserName=safari, version=, platform=MAC}] does not match the current platform LINUX
2017-07-07 18:08:16.278:INFO:osjs.Server:main: jetty-9.4.3.v20170317
2017-07-07 18:08:16.326:INFO:osjsh.ContextHandler:main: Started o.s.j.s.ServletContextHandler@29774679{/,null,AVAILABLE}
2017-07-07 18:08:16.359:INFO:osjs.AbstractConnector:main: Started ServerConnector@2cb30ce2{HTTP/1.1,[http/1.1]}{0.0.0.0:4444}
2017-07-07 18:08:16.360:INFO:osjs.Server:main: Started @621ms
18:08:16.361 INFO - Selenium Server is up and running
18:08:16.829 INFO - SessionCleaner initialized with insideBrowserTimeout 0 and clientGoneTimeout 1800000 polling every 180000
18:08:16.865 INFO - Executing: [new session: Capabilities [{acceptSslCerts=true, name=Test, browserName=chrome, javascriptEnabled=true, platform=ANY}]])
18:08:16.893 INFO - Creating a new session for Capabilities [{acceptSslCerts=true, name=Test, browserName=chrome, javascriptEnabled=true, platform=ANY}]
Starting ChromeDriver 2.30.477691 (6ee44a7247c639c0703f291d320bdf05c1531b57) on port 11633
Only local connections are allowed.
18:08:19.795 INFO - Detected dialect: OSS
18:08:19.843 INFO - Done: [new session: Capabilities [{acceptSslCerts=true, name=Test, browserName=chrome, javascriptEnabled=true, platform=ANY}]]
18:08:19.876 INFO - Executing: [get: http://localhost:8080])
18:08:20.627 INFO - Done: [get: http://localhost:8080]
18:08:20.649 INFO - Executing: [find elements: By.cssSelector: .gantt])
18:08:20.745 INFO - Done: [find elements: By.cssSelector: .gantt]
18:08:20.753 INFO - Executing: [is displayed: 0 [[ChromeDriver: chrome on LINUX (f2a08baf2a681f607a2f023f5dc33ea9)] -> css selector: .gantt]])
18:08:20.825 INFO - Done: [is displayed: 0 [[ChromeDriver: chrome on LINUX (f2a08baf2a681f607a2f023f5dc33ea9)] -> css selector: .gantt]]
18:08:20.833 INFO - Executing: [delete session: 4f8136fd-7cd2-42f3-853c-a4b55a837b07])
18:08:20.923 INFO - Done: [delete session: 4f8136fd-7cd2-42f3-853c-a4b55a837b07]
